<?xml version="1.0" encoding="UTF-8"?>
<!-- Generated by org.testng.reporters.JUnitXMLReporter -->
<testsuite hostname="Dot-Office" name="DashboardPageTest" tests="6" failures="0" timestamp="29 Apr 2016 20:46:44 GMT" time="51.521" errors="0">
  <testcase name="checkForMoreButton" time="0.319" classname="com.dot.testing.qa.prodjectDashboard.DashboardPageTest"/>
  <testcase name="checkForRecords" time="0.058" classname="com.dot.testing.qa.prodjectDashboard.DashboardPageTest"/>
  <testcase name="checkForSearch" time="0.053" classname="com.dot.testing.qa.prodjectDashboard.DashboardPageTest"/>
  <testcase name="checkForStats" time="0.05" classname="com.dot.testing.qa.prodjectDashboard.DashboardPageTest"/>
  <testcase name="checkForTitle" time="0.021" classname="com.dot.testing.qa.prodjectDashboard.DashboardPageTest"/>
  <testcase name="enterFilterTermProjOwner" time="8.948" classname="com.dot.testing.qa.prodjectDashboard.DashboardPageTest"/>
</testsuite> <!-- DashboardPageTest -->
