<?xml version="1.0" encoding="UTF-8"?>
<testsuite xmlns:xsi="http://www.w3.org/2001/XMLSchema-instance" xsi:schemaLocation="https://maven.apache.org/surefire/maven-surefire-plugin/xsd/surefire-test-report.xsd" name="TestSuite" time="52.505" tests="6" errors="0" skipped="0" failures="0">
  <properties>
[...]
</properties>
  <testcase name="checkForMoreButton" classname="com.dot.testing.qa.prodjectDashboard.DashboardPageTest" time="0.317"/>
  <testcase name="checkForRecords" classname="com.dot.testing.qa.prodjectDashboard.DashboardPageTest" time="0.055"/>
  <testcase name="checkForSearch" classname="com.dot.testing.qa.prodjectDashboard.DashboardPageTest" time="0.054"/>
  <testcase name="checkForStats" classname="com.dot.testing.qa.prodjectDashboard.DashboardPageTest" time="0.051"/>
  <testcase name="checkForTitle" classname="com.dot.testing.qa.prodjectDashboard.DashboardPageTest" time="0.022"/>
  <testcase name="enterFilterTermProjOwner" classname="com.dot.testing.qa.prodjectDashboard.DashboardPageTest" time="8.948"/>
</testsuite>