<?xml version="1.0" encoding="UTF-8"?>
<testng-results skipped="0" failed="0" total="6" passed="6">
  <reporter-output>
  </reporter-output>
  <suite name="Test Project Dashboard Suite" duration-ms="51521" started-at="2016-04-29T20:45:52Z" finished-at="2016-04-29T20:46:44Z">
    <groups>
    </groups>
    <test name="DashboardPageTest" duration-ms="51521" started-at="2016-04-29T20:45:52Z" finished-at="2016-04-29T20:46:44Z">
      <class name="com.dot.testing.qa.prodjectDashboard.DashboardPageTest">
        <test-method status="PASS" signature="launchWebApp()[pri:0, instance:com.dot.testing.qa.prodjectDashboard.DashboardPageTest@42b0a6]" name="launchWebApp" is-config="true" duration-ms="39930" started-at="2016-04-29T15:45:52Z" finished-at="2016-04-29T15:46:32Z">
          <reporter-output>
          </reporter-output>
        </test-method> <!-- launchWebApp -->
        <test-method status="PASS" signature="checkForMoreButton()[pri:0, instance:com.dot.testing.qa.prodjectDashboard.DashboardPageTest@42b0a6]" name="checkForMoreButton" duration-ms="319" started-at="2016-04-29T15:46:32Z" finished-at="2016-04-29T15:46:33Z">
          <reporter-output>
          </reporter-output>
        </test-method> <!-- checkForMoreButton -->
        <test-method status="PASS" signature="checkForRecords()[pri:0, instance:com.dot.testing.qa.prodjectDashboard.DashboardPageTest@42b0a6]" name="checkForRecords" duration-ms="58" started-at="2016-04-29T15:46:33Z" finished-at="2016-04-29T15:46:33Z">
          <reporter-output>
          </reporter-output>
        </test-method> <!-- checkForRecords -->
        <test-method status="PASS" signature="checkForSearch()[pri:0, instance:com.dot.testing.qa.prodjectDashboard.DashboardPageTest@42b0a6]" name="checkForSearch" duration-ms="53" started-at="2016-04-29T15:46:33Z" finished-at="2016-04-29T15:46:33Z">
          <reporter-output>
          </reporter-output>
        </test-method> <!-- checkForSearch -->
        <test-method status="PASS" signature="checkForStats()[pri:0, instance:com.dot.testing.qa.prodjectDashboard.DashboardPageTest@42b0a6]" name="checkForStats" duration-ms="50" started-at="2016-04-29T15:46:33Z" finished-at="2016-04-29T15:46:33Z">
          <reporter-output>
          </reporter-output>
        </test-method> <!-- checkForStats -->
        <test-method status="PASS" signature="checkForTitle()[pri:0, instance:com.dot.testing.qa.prodjectDashboard.DashboardPageTest@42b0a6]" name="checkForTitle" duration-ms="21" started-at="2016-04-29T15:46:33Z" finished-at="2016-04-29T15:46:33Z">
          <reporter-output>
          </reporter-output>
        </test-method> <!-- checkForTitle -->
        <test-method status="PASS" signature="enterFilterTermProjOwner()[pri:0, instance:com.dot.testing.qa.prodjectDashboard.DashboardPageTest@42b0a6]" name="enterFilterTermProjOwner" duration-ms="8948" started-at="2016-04-29T15:46:33Z" finished-at="2016-04-29T15:46:42Z">
          <reporter-output>
          </reporter-output>
        </test-method> <!-- enterFilterTermProjOwner -->
        <test-method status="PASS" signature="closeApplication()[pri:0, instance:com.dot.testing.qa.prodjectDashboard.DashboardPageTest@42b0a6]" name="closeApplication" is-config="true" duration-ms="2083" started-at="2016-04-29T15:46:42Z" finished-at="2016-04-29T15:46:44Z">
          <reporter-output>
          </reporter-output>
        </test-method> <!-- closeApplication -->
      </class> <!-- com.dot.testing.qa.prodjectDashboard.DashboardPageTest -->
    </test> <!-- DashboardPageTest -->
  </suite> <!-- Test Project Dashboard Suite -->
</testng-results>
